<?xml version="1.0" encoding="UTF-8"?>
<!-- Generated by org.testng.reporters.JUnitXMLReporter -->
<testsuite hostname="ranjith-PC" ignored="0" name="Test" tests="1" failures="1" timestamp="2020-01-19T18:52:45 IST" time="239.775" errors="0">
  <testcase name="findBrokenLinks" time="1.008" classname="com.BrokenLinks.BrokenLink">
    <failure type="java.lang.NullPointerException">
      <![CDATA[java.lang.NullPointerException
at com.BrokenLinks.BrokenLink.findBrokenLinks(BrokenLink.java:27)
at java.util.ArrayList.forEach(Unknown Source)
... Removed 27 stack frames]]>
    </failure>
  </testcase> <!-- findBrokenLinks -->
</testsuite> <!-- Test -->
